[2021-10-16 16:42:37,626] INFO Starting the log cleaner (kafka.log.LogCleaner)
[2021-10-16 16:42:37,669] INFO [kafka-log-cleaner-thread-0]: Starting (kafka.log.LogCleaner)
[2021-10-27 18:08:36,844] ERROR Failed to access checkpoint file cleaner-offset-checkpoint in dir C:\tmp\kafka-logs (kafka.log.LogCleaner)
org.apache.kafka.common.errors.KafkaStorageException: Error while reading checkpoint file C:\tmp\kafka-logs\cleaner-offset-checkpoint
Caused by: java.nio.file.NoSuchFileException: C:\tmp\kafka-logs\cleaner-offset-checkpoint
	at sun.nio.fs.WindowsException.translateToIOException(WindowsException.java:79)
	at sun.nio.fs.WindowsException.rethrowAsIOException(WindowsException.java:97)
	at sun.nio.fs.WindowsException.rethrowAsIOException(WindowsException.java:102)
	at sun.nio.fs.WindowsFileSystemProvider.newByteChannel(WindowsFileSystemProvider.java:230)
	at java.nio.file.Files.newByteChannel(Files.java:361)
	at java.nio.file.Files.newByteChannel(Files.java:407)
	at java.nio.file.spi.FileSystemProvider.newInputStream(FileSystemProvider.java:384)
	at java.nio.file.Files.newInputStream(Files.java:152)
	at java.nio.file.Files.newBufferedReader(Files.java:2784)
	at java.nio.file.Files.newBufferedReader(Files.java:2816)
	at kafka.server.checkpoints.CheckpointFile.liftedTree2$1(CheckpointFile.scala:127)
	at kafka.server.checkpoints.CheckpointFile.read(CheckpointFile.scala:126)
	at kafka.server.checkpoints.OffsetCheckpointFile.read(OffsetCheckpointFile.scala:69)
	at kafka.log.LogCleanerManager.$anonfun$allCleanerCheckpoints$2(LogCleanerManager.scala:134)
	at scala.collection.TraversableLike.$anonfun$flatMap$1(TraversableLike.scala:292)
	at scala.collection.Iterator.foreach(Iterator.scala:943)
	at scala.collection.Iterator.foreach$(Iterator.scala:943)
	at scala.collection.AbstractIterator.foreach(Iterator.scala:1431)
	at scala.collection.MapLike$DefaultValuesIterable.foreach(MapLike.scala:213)
	at scala.collection.TraversableLike.flatMap(TraversableLike.scala:292)
	at scala.collection.TraversableLike.flatMap$(TraversableLike.scala:289)
	at scala.collection.AbstractTraversable.flatMap(Traversable.scala:108)
	at kafka.log.LogCleanerManager.$anonfun$allCleanerCheckpoints$1(LogCleanerManager.scala:132)
	at kafka.log.LogCleanerManager.allCleanerCheckpoints(LogCleanerManager.scala:140)
	at kafka.log.LogCleanerManager.$anonfun$grabFilthiestCompactedLog$1(LogCleanerManager.scala:171)
	at kafka.log.LogCleanerManager.grabFilthiestCompactedLog(LogCleanerManager.scala:168)
	at kafka.log.LogCleaner$CleanerThread.cleanFilthiestLog(LogCleaner.scala:346)
	at kafka.log.LogCleaner$CleanerThread.tryCleanFilthiestLog(LogCleaner.scala:333)
	at kafka.log.LogCleaner$CleanerThread.doWork(LogCleaner.scala:322)
	at kafka.utils.ShutdownableThread.run(ShutdownableThread.scala:96)
[2021-10-27 18:21:18,919] INFO Starting the log cleaner (kafka.log.LogCleaner)
[2021-10-27 18:21:18,957] INFO [kafka-log-cleaner-thread-0]: Starting (kafka.log.LogCleaner)
[2021-10-27 18:45:10,289] INFO Starting the log cleaner (kafka.log.LogCleaner)
[2021-10-27 18:45:10,373] INFO [kafka-log-cleaner-thread-0]: Starting (kafka.log.LogCleaner)
